<?xml version="1.0" encoding="UTF-8"?>
<!-- Generated by org.testng.reporters.JUnitXMLReporter -->
<testsuite hostname="hp-PC" ignored="1" name="Default test(failed)" tests="1" failures="1" timestamp="22 Jan 2019 10:08:40 GMT" time="34.149" errors="0">
  <testcase name="verifyuserNameTest" time="0.274" classname="com.crm.TestCases.HomepageTest">
    <failure type="java.lang.NullPointerException">
      <![CDATA[java.lang.NullPointerException
at com.crm.pages.HomePage.verifyUserNameLable(HomePage.java:65)
at com.crm.TestCases.HomepageTest.verifyuserNameTest(HomepageTest.java:43)
... Removed 25 stack frames]]>
    </failure>
  </testcase> <!-- verifyuserNameTest -->
  <testcase name="homePageTitleTest" time="0.0" classname="com.crm.TestCases.HomepageTest">
    <ignored/>
  </testcase> <!-- homePageTitleTest -->
</testsuite> <!-- Default test(failed) -->
